<?xml version="1.0" encoding="UTF-8"?>
<!-- Generated by org.testng.reporters.JUnitReportReporter -->
<testsuite hostname="HW009432L" name="com.TestCases.Tests.Login_Test" tests="1" failures="0" timestamp="12 Aug 2016 13:58:14 GMT" time="1.013" errors="0">
  <testcase name="verifyLoginDetails" time="1.013" classname="com.TestCases.Tests.Login_Test"/>
</testsuite> <!-- com.TestCases.Tests.Login_Test -->
