<?xml version="1.0" encoding="UTF-8"?>
<!-- Generated by org.testng.reporters.JUnitReportReporter -->
<testsuite hostname="HW009432L" name="com.tests.Test.InvalidLoginTest" tests="1" failures="0" timestamp="26 Sep 2016 11:34:02 GMT" time="7977.810" errors="1">
  <testcase name="testInvaidLogin" time="7977.810" classname="com.tests.Test.InvalidLoginTest">
    <error type="java.lang.StackOverflowError">
      <![CDATA[java.lang.StackOverflowError
	at java.util.concurrent.ConcurrentHashMap.putIfAbsent(Unknown Source)
	at java.lang.ClassLoader.getClassLoadingLock(Unknown Source)
	at java.lang.ClassLoader.loadClass(Unknown Source)
	at sun.misc.Launcher$AppClassLoader.loadClass(Unknown Source)
	at java.lang.ClassLoader.loadClass(Unknown Source)
	at org.openqa.selenium.remote.service.DriverCommandExecutor.execute(DriverCommandExecutor.java:84)
	at org.openqa.selenium.remote.RemoteWebDriver.execute(RemoteWebDriver.java:649)
	at org.openqa.selenium.remote.RemoteWebElement.execute(RemoteWebElement.java:319)
	at org.openqa.selenium.remote.RemoteWebElement.getText(RemoteWebElement.java:179)
	at sun.reflect.GeneratedMethodAccessor6.invoke(Unknown Source)
	at sun.reflect.DelegatingMethodAccessorImpl.invoke(Unknown Source)
	at java.lang.reflect.Method.invoke(Unknown Source)
	at org.openqa.selenium.support.pagefactory.internal.LocatingElementHandler.invoke(LocatingElementHandler.java:51)
	at com.sun.proxy.$Proxy7.getText(Unknown Source)
	at com.nroshplus.pages.HomePage.getErrorText(HomePage.java:120)
	at com.nroshplus.pages.HomePage.getErrorText(HomePage.java:121)
	at com.nroshplus.pages.HomePage.getErrorText(HomePage.java:121)
	at com.nroshplus.pages.HomePage.getErrorText(HomePage.java:121)
	at com.nroshplus.pages.HomePage.getErrorText(HomePage.java:121)
	at com.nroshplus.pages.HomePage.getErrorText(HomePage.java:121)
	at com.nroshplus.pages.HomePage.getErrorText(HomePage.java:121)
	at com.nroshplus.pages.HomePage.getErrorText(HomePage.java:121)
	at com.nroshplus.pages.HomePage.getErrorText(HomePage.java:121)
	at com.nroshplus.pages.HomePage.getErrorText(HomePage.java:121)
	at com.nroshplus.pages.HomePage.getErrorText(HomePage.java:121)
	at com.nroshplus.pages.HomePage.getErrorText(HomePage.java:121)
	at com.nroshplus.pages.HomePage.getErrorText(HomePage.java:121)
	at com.nroshplus.pages.HomePage.getErrorText(HomePage.java:121)
	at com.nroshplus.pages.HomePage.getErrorText(HomePage.java:121)
	at com.nroshplus.pages.HomePage.getErrorText(HomePage.java:121)
	at com.nroshplus.pages.HomePage.getErrorText(HomePage.java:121)
	at com.nroshplus.pages.HomePage.getErrorText(HomePage.java:121)
	at com.nroshplus.pages.HomePage.getErrorText(HomePage.java:121)
	at com.nroshplus.pages.HomePage.getErrorText(HomePage.java:121)
	at com.nroshplus.pages.HomePage.getErrorText(HomePage.java:121)
	at com.nroshplus.pages.HomePage.getErrorText(HomePage.java:121)
	at com.nroshplus.pages.HomePage.getErrorText(HomePage.java:121)
	at com.nroshplus.pages.HomePage.getErrorText(HomePage.java:121)
	at com.nroshplus.pages.HomePage.getErrorText(HomePage.java:121)
	at com.nroshplus.pages.HomePage.getErrorText(HomePage.java:121)
	at com.nroshplus.pages.HomePage.getErrorText(HomePage.java:121)
	at com.nroshplus.pages.HomePage.getErrorText(HomePage.java:121)
	at com.nroshplus.pages.HomePage.getErrorText(HomePage.java:121)
	at com.nroshplus.pages.HomePage.getErrorText(HomePage.java:121)
	at com.nroshplus.pages.HomePage.getErrorText(HomePage.java:121)
	at com.nroshplus.pages.HomePage.getErrorText(HomePage.java:121)
	at com.nroshplus.pages.HomePage.getErrorText(HomePage.java:121)
	at com.nroshplus.pages.HomePage.getErrorText(HomePage.java:121)
	at com.nroshplus.pages.HomePage.getErrorText(HomePage.java:121)
	at com.nroshplus.pages.HomePage.getErrorText(HomePage.java:121)
	at com.nroshplus.pages.HomePage.getErrorText(HomePage.java:121)
	at com.nroshplus.pages.HomePage.getErrorText(HomePage.java:121)
	at com.nroshplus.pages.HomePage.getErrorText(HomePage.java:121)
	at com.nroshplus.pages.HomePage.getErrorText(HomePage.java:121)
	at com.nroshplus.pages.HomePage.getErrorText(HomePage.java:121)
	at com.nroshplus.pages.HomePage.getErrorText(HomePage.java:121)
	at com.nroshplus.pages.HomePage.getErrorText(HomePage.java:121)
	at com.nroshplus.pages.HomePage.getErrorText(HomePage.java:121)
	at com.nroshplus.pages.HomePage.getErrorText(HomePage.java:121)
	at com.nroshplus.pages.HomePage.getErrorText(HomePage.java:121)
	at com.nroshplus.pages.HomePage.getErrorText(HomePage.java:121)
	at com.nroshplus.pages.HomePage.getErrorText(HomePage.java:121)
	at com.nroshplus.pages.HomePage.getErrorText(HomePage.java:121)
	at com.nroshplus.pages.HomePage.getErrorText(HomePage.java:121)
	at com.nroshplus.pages.HomePage.getErrorText(HomePage.java:121)
	at com.nroshplus.pages.HomePage.getErrorText(HomePage.java:121)
	at com.nroshplus.pages.HomePage.getErrorText(HomePage.java:121)
	at com.nroshplus.pages.HomePage.getErrorText(HomePage.java:121)
	at com.nroshplus.pages.HomePage.getErrorText(HomePage.java:121)
	at com.nroshplus.pages.HomePage.getErrorText(HomePage.java:121)
	at com.nroshplus.pages.HomePage.getErrorText(HomePage.java:121)
	at com.nroshplus.pages.HomePage.getErrorText(HomePage.java:121)
	at com.nroshplus.pages.HomePage.getErrorText(HomePage.java:121)
	at com.nroshplus.pages.HomePage.getErrorText(HomePage.java:121)
	at com.nroshplus.pages.HomePage.getErrorText(HomePage.java:121)
	at com.nroshplus.pages.HomePage.getErrorText(HomePage.java:121)
	at com.nroshplus.pages.HomePage.getErrorText(HomePage.java:121)
	at com.nroshplus.pages.HomePage.getErrorText(HomePage.java:121)
	at com.nroshplus.pages.HomePage.getErrorText(HomePage.java:121)
	at com.nroshplus.pages.HomePage.getErrorText(HomePage.java:121)
	at com.nroshplus.pages.HomePage.getErrorText(HomePage.java:121)
	at com.nroshplus.pages.HomePage.getErrorText(HomePage.java:121)
	at com.nroshplus.pages.HomePage.getErrorText(HomePage.java:121)
	at com.nroshplus.pages.HomePage.getErrorText(HomePage.java:121)
	at com.nroshplus.pages.HomePage.getErrorText(HomePage.java:121)
	at com.nroshplus.pages.HomePage.getErrorText(HomePage.java:121)
	at com.nroshplus.pages.HomePage.getErrorText(HomePage.java:121)
	at com.nroshplus.pages.HomePage.getErrorText(HomePage.java:121)
	at com.nroshplus.pages.HomePage.getErrorText(HomePage.java:121)
	at com.nroshplus.pages.HomePage.getErrorText(HomePage.java:121)
	at com.nroshplus.pages.HomePage.getErrorText(HomePage.java:121)
	at com.nroshplus.pages.HomePage.getErrorText(HomePage.java:121)
	at com.nroshplus.pages.HomePage.getErrorText(HomePage.java:121)
	at com.nroshplus.pages.HomePage.getErrorText(HomePage.java:121)
	at com.nroshplus.pages.HomePage.getErrorText(HomePage.java:121)
	at com.nroshplus.pages.HomePage.getErrorText(HomePage.java:121)
	at com.nroshplus.pages.HomePage.getErrorText(HomePage.java:121)
	at com.nroshplus.pages.HomePage.getErrorText(HomePage.java:121)
	at com.nroshplus.pages.HomePage.getErrorText(HomePage.java:121)
	at com.nroshplus.pages.HomePage.getErrorText(HomePage.java:121)
	at com.nroshplus.pages.HomePage.getErrorText(HomePage.java:121)
	at com.nroshplus.pages.HomePage.getErrorText(HomePage.java:121)
	at com.nroshplus.pages.HomePage.getErrorText(HomePage.java:121)
	at com.nroshplus.pages.HomePage.getErrorText(HomePage.java:121)
	at com.nroshplus.pages.HomePage.getErrorText(HomePage.java:121)
	at com.nroshplus.pages.HomePage.getErrorText(HomePage.java:121)
	at com.nroshplus.pages.HomePage.getErrorText(HomePage.java:121)
	at com.nroshplus.pages.HomePage.getErrorText(HomePage.java:121)
	at com.nroshplus.pages.HomePage.getErrorText(HomePage.java:121)
	at com.nroshplus.pages.HomePage.getErrorText(HomePage.java:121)
	at com.nroshplus.pages.HomePage.getErrorText(HomePage.java:121)
	at com.nroshplus.pages.HomePage.getErrorText(HomePage.java:121)
	at com.nroshplus.pages.HomePage.getErrorText(HomePage.java:121)
	at com.nroshplus.pages.HomePage.getErrorText(HomePage.java:121)
	at com.nroshplus.pages.HomePage.getErrorText(HomePage.java:121)
	at com.nroshplus.pages.HomePage.getErrorText(HomePage.java:121)
	at com.nroshplus.pages.HomePage.getErrorText(HomePage.java:121)
	at com.nroshplus.pages.HomePage.getErrorText(HomePage.java:121)
	at com.nroshplus.pages.HomePage.getErrorText(HomePage.java:121)
	at com.nroshplus.pages.HomePage.getErrorText(HomePage.java:121)
	at com.nroshplus.pages.HomePage.getErrorText(HomePage.java:121)
	at com.nroshplus.pages.HomePage.getErrorText(HomePage.java:121)
	at com.nroshplus.pages.HomePage.getErrorText(HomePage.java:121)
	at com.nroshplus.pages.HomePage.getErrorText(HomePage.java:121)
	at com.nroshplus.pages.HomePage.getErrorText(HomePage.java:121)
	at com.nroshplus.pages.HomePage.getErrorText(HomePage.java:121)
	at com.nroshplus.pages.HomePage.getErrorText(HomePage.java:121)
	at com.nroshplus.pages.HomePage.getErrorText(HomePage.java:121)
	at com.nroshplus.pages.HomePage.getErrorText(HomePage.java:121)
	at com.nroshplus.pages.HomePage.getErrorText(HomePage.java:121)
	at com.nroshplus.pages.HomePage.getErrorText(HomePage.java:121)
	at com.nroshplus.pages.HomePage.getErrorText(HomePage.java:121)
	at com.nroshplus.pages.HomePage.getErrorText(HomePage.java:121)
	at com.nroshplus.pages.HomePage.getErrorText(HomePage.java:121)
	at com.nroshplus.pages.HomePage.getErrorText(HomePage.java:121)
	at com.nroshplus.pages.HomePage.getErrorText(HomePage.java:121)
	at com.nroshplus.pages.HomePage.getErrorText(HomePage.java:121)
	at com.nroshplus.pages.HomePage.getErrorText(HomePage.java:121)
	at com.nroshplus.pages.HomePage.getErrorText(HomePage.java:121)
	at com.nroshplus.pages.HomePage.getErrorText(HomePage.java:121)
	at com.nroshplus.pages.HomePage.getErrorText(HomePage.java:121)
	at com.nroshplus.pages.HomePage.getErrorText(HomePage.java:121)
	at com.nroshplus.pages.HomePage.getErrorText(HomePage.java:121)
	at com.nroshplus.pages.HomePage.getErrorText(HomePage.java:121)
	at com.nroshplus.pages.HomePage.getErrorText(HomePage.java:121)
	at com.nroshplus.pages.HomePage.getErrorText(HomePage.java:121)
	at com.nroshplus.pages.HomePage.getErrorText(HomePage.java:121)
	at com.nroshplus.pages.HomePage.getErrorText(HomePage.java:121)
	at com.nroshplus.pages.HomePage.getErrorText(HomePage.java:121)
	at com.nroshplus.pages.HomePage.getErrorText(HomePage.java:121)
	at com.nroshplus.pages.HomePage.getErrorText(HomePage.java:121)
	at com.nroshplus.pages.HomePage.getErrorText(HomePage.java:121)
	at com.nroshplus.pages.HomePage.getErrorText(HomePage.java:121)
	at com.nroshplus.pages.HomePage.getErrorText(HomePage.java:121)
	at com.nroshplus.pages.HomePage.getErrorText(HomePage.java:121)
	at com.nroshplus.pages.HomePage.getErrorText(HomePage.java:121)
	at com.nroshplus.pages.HomePage.getErrorText(HomePage.java:121)
	at com.nroshplus.pages.HomePage.getErrorText(HomePage.java:121)
	at com.nroshplus.pages.HomePage.getErrorText(HomePage.java:121)
	at com.nroshplus.pages.HomePage.getErrorText(HomePage.java:121)
	at com.nroshplus.pages.HomePage.getErrorText(HomePage.java:121)
	at com.nroshplus.pages.HomePage.getErrorText(HomePage.java:121)
	at com.nroshplus.pages.HomePage.getErrorText(HomePage.java:121)
	at com.nroshplus.pages.HomePage.getErrorText(HomePage.java:121)
	at com.nroshplus.pages.HomePage.getErrorText(HomePage.java:121)
	at com.nroshplus.pages.HomePage.getErrorText(HomePage.java:121)
	at com.nroshplus.pages.HomePage.getErrorText(HomePage.java:121)
	at com.nroshplus.pages.HomePage.getErrorText(HomePage.java:121)
	at com.nroshplus.pages.HomePage.getErrorText(HomePage.java:121)
	at com.nroshplus.pages.HomePage.getErrorText(HomePage.java:121)
	at com.nroshplus.pages.HomePage.getErrorText(HomePage.java:121)
	at com.nroshplus.pages.HomePage.getErrorText(HomePage.java:121)
	at com.nroshplus.pages.HomePage.getErrorText(HomePage.java:121)
	at com.nroshplus.pages.HomePage.getErrorText(HomePage.java:121)
	at com.nroshplus.pages.HomePage.getErrorText(HomePage.java:121)
	at com.nroshplus.pages.HomePage.getErrorText(HomePage.java:121)
	at com.nroshplus.pages.HomePage.getErrorText(HomePage.java:121)
	at com.nroshplus.pages.HomePage.getErrorText(HomePage.java:121)
	at com.nroshplus.pages.HomePage.getErrorText(HomePage.java:121)
	at com.nroshplus.pages.HomePage.getErrorText(HomePage.java:121)
	at com.nroshplus.pages.HomePage.getErrorText(HomePage.java:121)
	at com.nroshplus.pages.HomePage.getErrorText(HomePage.java:121)
	at com.nroshplus.pages.HomePage.getErrorText(HomePage.java:121)
	at com.nroshplus.pages.HomePage.getErrorText(HomePage.java:121)
	at com.nroshplus.pages.HomePage.getErrorText(HomePage.java:121)
	at com.nroshplus.pages.HomePage.getErrorText(HomePage.java:121)
	at com.nroshplus.pages.HomePage.getErrorText(HomePage.java:121)
	at com.nroshplus.pages.HomePage.getErrorText(HomePage.java:121)
	at com.nroshplus.pages.HomePage.getErrorText(HomePage.java:121)
	at com.nroshplus.pages.HomePage.getErrorText(HomePage.java:121)
	at com.nroshplus.pages.HomePage.getErrorText(HomePage.java:121)
	at com.nroshplus.pages.HomePage.getErrorText(HomePage.java:121)
	at com.nroshplus.pages.HomePage.getErrorText(HomePage.java:121)
	at com.nroshplus.pages.HomePage.getErrorText(HomePage.java:121)
	at com.nroshplus.pages.HomePage.getErrorText(HomePage.java:121)
	at com.nroshplus.pages.HomePage.getErrorText(HomePage.java:121)
	at com.nroshplus.pages.HomePage.getErrorText(HomePage.java:121)
	at com.nroshplus.pages.HomePage.getErrorText(HomePage.java:121)
	at com.nroshplus.pages.HomePage.getErrorText(HomePage.java:121)
	at com.nroshplus.pages.HomePage.getErrorText(HomePage.java:121)
	at com.nroshplus.pages.HomePage.getErrorText(HomePage.java:121)
	at com.nroshplus.pages.HomePage.getErrorText(HomePage.java:121)
	at com.nroshplus.pages.HomePage.getErrorText(HomePage.java:121)
	at com.nroshplus.pages.HomePage.getErrorText(HomePage.java:121)
	at com.nroshplus.pages.HomePage.getErrorText(HomePage.java:121)
	at com.nroshplus.pages.HomePage.getErrorText(HomePage.java:121)
	at com.nroshplus.pages.HomePage.getErrorText(HomePage.java:121)
	at com.nroshplus.pages.HomePage.getErrorText(HomePage.java:121)
	at com.nroshplus.pages.HomePage.getErrorText(HomePage.java:121)
	at com.nroshplus.pages.HomePage.getErrorText(HomePage.java:121)
	at com.nroshplus.pages.HomePage.getErrorText(HomePage.java:121)
	at com.nroshplus.pages.HomePage.getErrorText(HomePage.java:121)
	at com.nroshplus.pages.HomePage.getErrorText(HomePage.java:121)
	at com.nroshplus.pages.HomePage.getErrorText(HomePage.java:121)
	at com.nroshplus.pages.HomePage.getErrorText(HomePage.java:121)
	at com.nroshplus.pages.HomePage.getErrorText(HomePage.java:121)
	at com.nroshplus.pages.HomePage.getErrorText(HomePage.java:121)
	at com.nroshplus.pages.HomePage.getErrorText(HomePage.java:121)
	at com.nroshplus.pages.HomePage.getErrorText(HomePage.java:121)
	at com.nroshplus.pages.HomePage.getErrorText(HomePage.java:121)
	at com.nroshplus.pages.HomePage.getErrorText(HomePage.java:121)
	at com.nroshplus.pages.HomePage.getErrorText(HomePage.java:121)
	at com.nroshplus.pages.HomePage.getErrorText(HomePage.java:121)
	at com.nroshplus.pages.HomePage.getErrorText(HomePage.java:121)
	at com.nroshplus.pages.HomePage.getErrorText(HomePage.java:121)
	at com.nroshplus.pages.HomePage.getErrorText(HomePage.java:121)
	at com.nroshplus.pages.HomePage.getErrorText(HomePage.java:121)
	at com.nroshplus.pages.HomePage.getErrorText(HomePage.java:121)
	at com.nroshplus.pages.HomePage.getErrorText(HomePage.java:121)
	at com.nroshplus.pages.HomePage.getErrorText(HomePage.java:121)
	at com.nroshplus.pages.HomePage.getErrorText(HomePage.java:121)
	at com.nroshplus.pages.HomePage.getErrorText(HomePage.java:121)
	at com.nroshplus.pages.HomePage.getErrorText(HomePage.java:121)
	at com.nroshplus.pages.HomePage.getErrorText(HomePage.java:121)
	at com.nroshplus.pages.HomePage.getErrorText(HomePage.java:121)
	at com.nroshplus.pages.HomePage.getErrorText(HomePage.java:121)
	at com.nroshplus.pages.HomePage.getErrorText(HomePage.java:121)
	at com.nroshplus.pages.HomePage.getErrorText(HomePage.java:121)
	at com.nroshplus.pages.HomePage.getErrorText(HomePage.java:121)
	at com.nroshplus.pages.HomePage.getErrorText(HomePage.java:121)
	at com.nroshplus.pages.HomePage.getErrorText(HomePage.java:121)
	at com.nroshplus.pages.HomePage.getErrorText(HomePage.java:121)
	at com.nroshplus.pages.HomePage.getErrorText(HomePage.java:121)
	at com.nroshplus.pages.HomePage.getErrorText(HomePage.java:121)
	at com.nroshplus.pages.HomePage.getErrorText(HomePage.java:121)
	at com.nroshplus.pages.HomePage.getErrorText(HomePage.java:121)
	at com.nroshplus.pages.HomePage.getErrorText(HomePage.java:121)
	at com.nroshplus.pages.HomePage.getErrorText(HomePage.java:121)
	at com.nroshplus.pages.HomePage.getErrorText(HomePage.java:121)
	at com.nroshplus.pages.HomePage.getErrorText(HomePage.java:121)
	at com.nroshplus.pages.HomePage.getErrorText(HomePage.java:121)
	at com.nroshplus.pages.HomePage.getErrorText(HomePage.java:121)
	at com.nroshplus.pages.HomePage.getErrorText(HomePage.java:121)
	at com.nroshplus.pages.HomePage.getErrorText(HomePage.java:121)
	at com.nroshplus.pages.HomePage.getErrorText(HomePage.java:121)
	at com.nroshplus.pages.HomePage.getErrorText(HomePage.java:121)
	at com.nroshplus.pages.HomePage.getErrorText(HomePage.java:121)
	at com.nroshplus.pages.HomePage.getErrorText(HomePage.java:121)
	at com.nroshplus.pages.HomePage.getErrorText(HomePage.java:121)
	at com.nroshplus.pages.HomePage.getErrorText(HomePage.java:121)
	at com.nroshplus.pages.HomePage.getErrorText(HomePage.java:121)
	at com.nroshplus.pages.HomePage.getErrorText(HomePage.java:121)
	at com.nroshplus.pages.HomePage.getErrorText(HomePage.java:121)
	at com.nroshplus.pages.HomePage.getErrorText(HomePage.java:121)
	at com.nroshplus.pages.HomePage.getErrorText(HomePage.java:121)
	at com.nroshplus.pages.HomePage.getErrorText(HomePage.java:121)
	at com.nroshplus.pages.HomePage.getErrorText(HomePage.java:121)
	at com.nroshplus.pages.HomePage.getErrorText(HomePage.java:121)
	at com.nroshplus.pages.HomePage.getErrorText(HomePage.java:121)
	at com.nroshplus.pages.HomePage.getErrorText(HomePage.java:121)
	at com.nroshplus.pages.HomePage.getErrorText(HomePage.java:121)
	at com.nroshplus.pages.HomePage.getErrorText(HomePage.java:121)
	at com.nroshplus.pages.HomePage.getErrorText(HomePage.java:121)
	at com.nroshplus.pages.HomePage.getErrorText(HomePage.java:121)
	at com.nroshplus.pages.HomePage.getErrorText(HomePage.java:121)
	at com.nroshplus.pages.HomePage.getErrorText(HomePage.java:121)
	at com.nroshplus.pages.HomePage.getErrorText(HomePage.java:121)
	at com.nroshplus.pages.HomePage.getErrorText(HomePage.java:121)
	at com.nroshplus.pages.HomePage.getErrorText(HomePage.java:121)
	at com.nroshplus.pages.HomePage.getErrorText(HomePage.java:121)
	at com.nroshplus.pages.HomePage.getErrorText(HomePage.java:121)
	at com.nroshplus.pages.HomePage.getErrorText(HomePage.java:121)
	at com.nroshplus.pages.HomePage.getErrorText(HomePage.java:121)
	at com.nroshplus.pages.HomePage.getErrorText(HomePage.java:121)
	at com.nroshplus.pages.HomePage.getErrorText(HomePage.java:121)
	at com.nroshplus.pages.HomePage.getErrorText(HomePage.java:121)
	at com.nroshplus.pages.HomePage.getErrorText(HomePage.java:121)
	at com.nroshplus.pages.HomePage.getErrorText(HomePage.java:121)
	at com.nroshplus.pages.HomePage.getErrorText(HomePage.java:121)
	at com.nroshplus.pages.HomePage.getErrorText(HomePage.java:121)
	at com.nroshplus.pages.HomePage.getErrorText(HomePage.java:121)
	at com.nroshplus.pages.HomePage.getErrorText(HomePage.java:121)
	at com.nroshplus.pages.HomePage.getErrorText(HomePage.java:121)
	at com.nroshplus.pages.HomePage.getErrorText(HomePage.java:121)
	at com.nroshplus.pages.HomePage.getErrorText(HomePage.java:121)
	at com.nroshplus.pages.HomePage.getErrorText(HomePage.java:121)
	at com.nroshplus.pages.HomePage.getErrorText(HomePage.java:121)
	at com.nroshplus.pages.HomePage.getErrorText(HomePage.java:121)
	at com.nroshplus.pages.HomePage.getErrorText(HomePage.java:121)
	at com.nroshplus.pages.HomePage.getErrorText(HomePage.java:121)
	at com.nroshplus.pages.HomePage.getErrorText(HomePage.java:121)
	at com.nroshplus.pages.HomePage.getErrorText(HomePage.java:121)
	at com.nroshplus.pages.HomePage.getErrorText(HomePage.java:121)
	at com.nroshplus.pages.HomePage.getErrorText(HomePage.java:121)
	at com.nroshplus.pages.HomePage.getErrorText(HomePage.java:121)
	at com.nroshplus.pages.HomePage.getErrorText(HomePage.java:121)
	at com.nroshplus.pages.HomePage.getErrorText(HomePage.java:121)
	at com.nroshplus.pages.HomePage.getErrorText(HomePage.java:121)
	at com.nroshplus.pages.HomePage.getErrorText(HomePage.java:121)
	at com.nroshplus.pages.HomePage.getErrorText(HomePage.java:121)
	at com.nroshplus.pages.HomePage.getErrorText(HomePage.java:121)
	at com.nroshplus.pages.HomePage.getErrorText(HomePage.java:121)
	at com.nroshplus.pages.HomePage.getErrorText(HomePage.java:121)
	at com.nroshplus.pages.HomePage.getErrorText(HomePage.java:121)
	at com.nroshplus.pages.HomePage.getErrorText(HomePage.java:121)
	at com.nroshplus.pages.HomePage.getErrorText(HomePage.java:121)
	at com.nroshplus.pages.HomePage.getErrorText(HomePage.java:121)
	at com.nroshplus.pages.HomePage.getErrorText(HomePage.java:121)
	at com.nroshplus.pages.HomePage.getErrorText(HomePage.java:121)
	at com.nroshplus.pages.HomePage.getErrorText(HomePage.java:121)
	at com.nroshplus.pages.HomePage.getErrorText(HomePage.java:121)
	at com.nroshplus.pages.HomePage.getErrorText(HomePage.java:121)
	at com.nroshplus.pages.HomePage.getErrorText(HomePage.java:121)
	at com.nroshplus.pages.HomePage.getErrorText(HomePage.java:121)
	at com.nroshplus.pages.HomePage.getErrorText(HomePage.java:121)
	at com.nroshplus.pages.HomePage.getErrorText(HomePage.java:121)
	at com.nroshplus.pages.HomePage.getErrorText(HomePage.java:121)
	at com.nroshplus.pages.HomePage.getErrorText(HomePage.java:121)
	at com.nroshplus.pages.HomePage.getErrorText(HomePage.java:121)
	at com.nroshplus.pages.HomePage.getErrorText(HomePage.java:121)
	at com.nroshplus.pages.HomePage.getErrorText(HomePage.java:121)
	at com.nroshplus.pages.HomePage.getErrorText(HomePage.java:121)
	at com.nroshplus.pages.HomePage.getErrorText(HomePage.java:121)
	at com.nroshplus.pages.HomePage.getErrorText(HomePage.java:121)
	at com.nroshplus.pages.HomePage.getErrorText(HomePage.java:121)
	at com.nroshplus.pages.HomePage.getErrorText(HomePage.java:121)
	at com.nroshplus.pages.HomePage.getErrorText(HomePage.java:121)
	at com.nroshplus.pages.HomePage.getErrorText(HomePage.java:121)
	at com.nroshplus.pages.HomePage.getErrorText(HomePage.java:121)
	at com.nroshplus.pages.HomePage.getErrorText(HomePage.java:121)
	at com.nroshplus.pages.HomePage.getErrorText(HomePage.java:121)
	at com.nroshplus.pages.HomePage.getErrorText(HomePage.java:121)
	at com.nroshplus.pages.HomePage.getErrorText(HomePage.java:121)
	at com.nroshplus.pages.HomePage.getErrorText(HomePage.java:121)
	at com.nroshplus.pages.HomePage.getErrorText(HomePage.java:121)
	at com.nroshplus.pages.HomePage.getErrorText(HomePage.java:121)
	at com.nroshplus.pages.HomePage.getErrorText(HomePage.java:121)
	at com.nroshplus.pages.HomePage.getErrorText(HomePage.java:121)
	at com.nroshplus.pages.HomePage.getErrorText(HomePage.java:121)
	at com.nroshplus.pages.HomePage.getErrorText(HomePage.java:121)
	at com.nroshplus.pages.HomePage.getErrorText(HomePage.java:121)
	at com.nroshplus.pages.HomePage.getErrorText(HomePage.java:121)
	at com.nroshplus.pages.HomePage.getErrorText(HomePage.java:121)
	at com.nroshplus.pages.HomePage.getErrorText(HomePage.java:121)
	at com.nroshplus.pages.HomePage.getErrorText(HomePage.java:121)
	at com.nroshplus.pages.HomePage.getErrorText(HomePage.java:121)
	at com.nroshplus.pages.HomePage.getErrorText(HomePage.java:121)
	at com.nroshplus.pages.HomePage.getErrorText(HomePage.java:121)
	at com.nroshplus.pages.HomePage.getErrorText(HomePage.java:121)
	at com.nroshplus.pages.HomePage.getErrorText(HomePage.java:121)
	at com.nroshplus.pages.HomePage.getErrorText(HomePage.java:121)
	at com.nroshplus.pages.HomePage.getErrorText(HomePage.java:121)
	at com.nroshplus.pages.HomePage.getErrorText(HomePage.java:121)
	at com.nroshplus.pages.HomePage.getErrorText(HomePage.java:121)
	at com.nroshplus.pages.HomePage.getErrorText(HomePage.java:121)
	at com.nroshplus.pages.HomePage.getErrorText(HomePage.java:121)
	at com.nroshplus.pages.HomePage.getErrorText(HomePage.java:121)
	at com.nroshplus.pages.HomePage.getErrorText(HomePage.java:121)
	at com.nroshplus.pages.HomePage.getErrorText(HomePage.java:121)
	at com.nroshplus.pages.HomePage.getErrorText(HomePage.java:121)
	at com.nroshplus.pages.HomePage.getErrorText(HomePage.java:121)
	at com.nroshplus.pages.HomePage.getErrorText(HomePage.java:121)
	at com.nroshplus.pages.HomePage.getErrorText(HomePage.java:121)
	at com.nroshplus.pages.HomePage.getErrorText(HomePage.java:121)
	at com.nroshplus.pages.HomePage.getErrorText(HomePage.java:121)
	at com.nroshplus.pages.HomePage.getErrorText(HomePage.java:121)
	at com.nroshplus.pages.HomePage.getErrorText(HomePage.java:121)
	at com.nroshplus.pages.HomePage.getErrorText(HomePage.java:121)
	at com.nroshplus.pages.HomePage.getErrorText(HomePage.java:121)
	at com.nroshplus.pages.HomePage.getErrorText(HomePage.java:121)
	at com.nroshplus.pages.HomePage.getErrorText(HomePage.java:121)
	at com.nroshplus.pages.HomePage.getErrorText(HomePage.java:121)
	at com.nroshplus.pages.HomePage.getErrorText(HomePage.java:121)
	at com.nroshplus.pages.HomePage.getErrorText(HomePage.java:121)
	at com.nroshplus.pages.HomePage.getErrorText(HomePage.java:121)
	at com.nroshplus.pages.HomePage.getErrorText(HomePage.java:121)
	at com.nroshplus.pages.HomePage.getErrorText(HomePage.java:121)
	at com.nroshplus.pages.HomePage.getErrorText(HomePage.java:121)
	at com.nroshplus.pages.HomePage.getErrorText(HomePage.java:121)
	at com.nroshplus.pages.HomePage.getErrorText(HomePage.java:121)
	at com.nroshplus.pages.HomePage.getErrorText(HomePage.java:121)
	at com.nroshplus.pages.HomePage.getErrorText(HomePage.java:121)
	at com.nroshplus.pages.HomePage.getErrorText(HomePage.java:121)
	at com.nroshplus.pages.HomePage.getErrorText(HomePage.java:121)
	at com.nroshplus.pages.HomePage.getErrorText(HomePage.java:121)
	at com.nroshplus.pages.HomePage.getErrorText(HomePage.java:121)
	at com.nroshplus.pages.HomePage.getErrorText(HomePage.java:121)
	at com.nroshplus.pages.HomePage.getErrorText(HomePage.java:121)
	at com.nroshplus.pages.HomePage.getErrorText(HomePage.java:121)
	at com.nroshplus.pages.HomePage.getErrorText(HomePage.java:121)
	at com.nroshplus.pages.HomePage.getErrorText(HomePage.java:121)
	at com.nroshplus.pages.HomePage.getErrorText(HomePage.java:121)
	at com.nroshplus.pages.HomePage.getErrorText(HomePage.java:121)
	at com.nroshplus.pages.HomePage.getErrorText(HomePage.java:121)
	at com.nroshplus.pages.HomePage.getErrorText(HomePage.java:121)
	at com.nroshplus.pages.HomePage.getErrorText(HomePage.java:121)
	at com.nroshplus.pages.HomePage.getErrorText(HomePage.java:121)
	at com.nroshplus.pages.HomePage.getErrorText(HomePage.java:121)
	at com.nroshplus.pages.HomePage.getErrorText(HomePage.java:121)
	at com.nroshplus.pages.HomePage.getErrorText(HomePage.java:121)
	at com.nroshplus.pages.HomePage.getErrorText(HomePage.java:121)
	at com.nroshplus.pages.HomePage.getErrorText(HomePage.java:121)
	at com.nroshplus.pages.HomePage.getErrorText(HomePage.java:121)
	at com.nroshplus.pages.HomePage.getErrorText(HomePage.java:121)
	at com.nroshplus.pages.HomePage.getErrorText(HomePage.java:121)
	at com.nroshplus.pages.HomePage.getErrorText(HomePage.java:121)
	at com.nroshplus.pages.HomePage.getErrorText(HomePage.java:121)
	at com.nroshplus.pages.HomePage.getErrorText(HomePage.java:121)
	at com.nroshplus.pages.HomePage.getErrorText(HomePage.java:121)
	at com.nroshplus.pages.HomePage.getErrorText(HomePage.java:121)
	at com.nroshplus.pages.HomePage.getErrorText(HomePage.java:121)
	at com.nroshplus.pages.HomePage.getErrorText(HomePage.java:121)
	at com.nroshplus.pages.HomePage.getErrorText(HomePage.java:121)
	at com.nroshplus.pages.HomePage.getErrorText(HomePage.java:121)
	at com.nroshplus.pages.HomePage.getErrorText(HomePage.java:121)
	at com.nroshplus.pages.HomePage.getErrorText(HomePage.java:121)
	at com.nroshplus.pages.HomePage.getErrorText(HomePage.java:121)
	at com.nroshplus.pages.HomePage.getErrorText(HomePage.java:121)
	at com.nroshplus.pages.HomePage.getErrorText(HomePage.java:121)
	at com.nroshplus.pages.HomePage.getErrorText(HomePage.java:121)
	at com.nroshplus.pages.HomePage.getErrorText(HomePage.java:121)
	at com.nroshplus.pages.HomePage.getErrorText(HomePage.java:121)
	at com.nroshplus.pages.HomePage.getErrorText(HomePage.java:121)
	at com.nroshplus.pages.HomePage.getErrorText(HomePage.java:121)
	at com.nroshplus.pages.HomePage.getErrorText(HomePage.java:121)
	at com.nroshplus.pages.HomePage.getErrorText(HomePage.java:121)
	at com.nroshplus.pages.HomePage.getErrorText(HomePage.java:121)
	at com.nroshplus.pages.HomePage.getErrorText(HomePage.java:121)
	at com.nroshplus.pages.HomePage.getErrorText(HomePage.java:121)
	at com.nroshplus.pages.HomePage.getErrorText(HomePage.java:121)
	at com.nroshplus.pages.HomePage.getErrorText(HomePage.java:121)
	at com.nroshplus.pages.HomePage.getErrorText(HomePage.java:121)
	at com.nroshplus.pages.HomePage.getErrorText(HomePage.java:121)
	at com.nroshplus.pages.HomePage.getErrorText(HomePage.java:121)
	at com.nroshplus.pages.HomePage.getErrorText(HomePage.java:121)
	at com.nroshplus.pages.HomePage.getErrorText(HomePage.java:121)
	at com.nroshplus.pages.HomePage.getErrorText(HomePage.java:121)
	at com.nroshplus.pages.HomePage.getErrorText(HomePage.java:121)
	at com.nroshplus.pages.HomePage.getErrorText(HomePage.java:121)
	at com.nroshplus.pages.HomePage.getErrorText(HomePage.java:121)
	at com.nroshplus.pages.HomePage.getErrorText(HomePage.java:121)
	at com.nroshplus.pages.HomePage.getErrorText(HomePage.java:121)
	at com.nroshplus.pages.HomePage.getErrorText(HomePage.java:121)
	at com.nroshplus.pages.HomePage.getErrorText(HomePage.java:121)
	at com.nroshplus.pages.HomePage.getErrorText(HomePage.java:121)
	at com.nroshplus.pages.HomePage.getErrorText(HomePage.java:121)
	at com.nroshplus.pages.HomePage.getErrorText(HomePage.java:121)
	at com.nroshplus.pages.HomePage.getErrorText(HomePage.java:121)
	at com.nroshplus.pages.HomePage.getErrorText(HomePage.java:121)
	at com.nroshplus.pages.HomePage.getErrorText(HomePage.java:121)
	at com.nroshplus.pages.HomePage.getErrorText(HomePage.java:121)
	at com.nroshplus.pages.HomePage.getErrorText(HomePage.java:121)
	at com.nroshplus.pages.HomePage.getErrorText(HomePage.java:121)
	at com.nroshplus.pages.HomePage.getErrorText(HomePage.java:121)
	at com.nroshplus.pages.HomePage.getErrorText(HomePage.java:121)
	at com.nroshplus.pages.HomePage.getErrorText(HomePage.java:121)
	at com.nroshplus.pages.HomePage.getErrorText(HomePage.java:121)
	at com.nroshplus.pages.HomePage.getErrorText(HomePage.java:121)
	at com.nroshplus.pages.HomePage.getErrorText(HomePage.java:121)
	at com.nroshplus.pages.HomePage.getErrorText(HomePage.java:121)
	at com.nroshplus.pages.HomePage.getErrorText(HomePage.java:121)
	at com.nroshplus.pages.HomePage.getErrorText(HomePage.java:121)
	at com.nroshplus.pages.HomePage.getErrorText(HomePage.java:121)
	at com.nroshplus.pages.HomePage.getErrorText(HomePage.java:121)
	at com.nroshplus.pages.HomePage.getErrorText(HomePage.java:121)
	at com.nroshplus.pages.HomePage.getErrorText(HomePage.java:121)
	at com.nroshplus.pages.HomePage.getErrorText(HomePage.java:121)
	at com.nroshplus.pages.HomePage.getErrorText(HomePage.java:121)
	at com.nroshplus.pages.HomePage.getErrorText(HomePage.java:121)
	at com.nroshplus.pages.HomePage.getErrorText(HomePage.java:121)
	at com.nroshplus.pages.HomePage.getErrorText(HomePage.java:121)
	at com.nroshplus.pages.HomePage.getErrorText(HomePage.java:121)
	at com.nroshplus.pages.HomePage.getErrorText(HomePage.java:121)
	at com.nroshplus.pages.HomePage.getErrorText(HomePage.java:121)
	at com.nroshplus.pages.HomePage.getErrorText(HomePage.java:121)
	at com.nroshplus.pages.HomePage.getErrorText(HomePage.java:121)
	at com.nroshplus.pages.HomePage.getErrorText(HomePage.java:121)
	at com.nroshplus.pages.HomePage.getErrorText(HomePage.java:121)
	at com.nroshplus.pages.HomePage.getErrorText(HomePage.java:121)
	at com.nroshplus.pages.HomePage.getErrorText(HomePage.java:121)
	at com.nroshplus.pages.HomePage.getErrorText(HomePage.java:121)
	at com.nroshplus.pages.HomePage.getErrorText(HomePage.java:121)
	at com.nroshplus.pages.HomePage.getErrorText(HomePage.java:121)
	at com.nroshplus.pages.HomePage.getErrorText(HomePage.java:121)
	at com.nroshplus.pages.HomePage.getErrorText(HomePage.java:121)
	at com.nroshplus.pages.HomePage.getErrorText(HomePage.java:121)
	at com.nroshplus.pages.HomePage.getErrorText(HomePage.java:121)
	at com.nroshplus.pages.HomePage.getErrorText(HomePage.java:121)
	at com.nroshplus.pages.HomePage.getErrorText(HomePage.java:121)
	at com.nroshplus.pages.HomePage.getErrorText(HomePage.java:121)
	at com.nroshplus.pages.HomePage.getErrorText(HomePage.java:121)
	at com.nroshplus.pages.HomePage.getErrorText(HomePage.java:121)
	at com.nroshplus.pages.HomePage.getErrorText(HomePage.java:121)
	at com.nroshplus.pages.HomePage.getErrorText(HomePage.java:121)
	at com.nroshplus.pages.HomePage.getErrorText(HomePage.java:121)
	at com.nroshplus.pages.HomePage.getErrorText(HomePage.java:121)
	at com.nroshplus.pages.HomePage.getErrorText(HomePage.java:121)
	at com.nroshplus.pages.HomePage.getErrorText(HomePage.java:121)
	at com.nroshplus.pages.HomePage.getErrorText(HomePage.java:121)
	at com.nroshplus.pages.HomePage.getErrorText(HomePage.java:121)
	at com.nroshplus.pages.HomePage.getErrorText(HomePage.java:121)
	at com.nroshplus.pages.HomePage.getErrorText(HomePage.java:121)
	at com.nroshplus.pages.HomePage.getErrorText(HomePage.java:121)
	at com.nroshplus.pages.HomePage.getErrorText(HomePage.java:121)
	at com.nroshplus.pages.HomePage.getErrorText(HomePage.java:121)
	at com.nroshplus.pages.HomePage.getErrorText(HomePage.java:121)
	at com.nroshplus.pages.HomePage.getErrorText(HomePage.java:121)
	at com.nroshplus.pages.HomePage.getErrorText(HomePage.java:121)
	at com.nroshplus.pages.HomePage.getErrorText(HomePage.java:121)
	at com.nroshplus.pages.HomePage.getErrorText(HomePage.java:121)
	at com.nroshplus.pages.HomePage.getErrorText(HomePage.java:121)
	at com.nroshplus.pages.HomePage.getErrorText(HomePage.java:121)
	at com.nroshplus.pages.HomePage.getErrorText(HomePage.java:121)
	at com.nroshplus.pages.HomePage.getErrorText(HomePage.java:121)
	at com.nroshplus.pages.HomePage.getErrorText(HomePage.java:121)
	at com.nroshplus.pages.HomePage.getErrorText(HomePage.java:121)
	at com.nroshplus.pages.HomePage.getErrorText(HomePage.java:121)
	at com.nroshplus.pages.HomePage.getErrorText(HomePage.java:121)
	at com.nroshplus.pages.HomePage.getErrorText(HomePage.java:121)
	at com.nroshplus.pages.HomePage.getErrorText(HomePage.java:121)
	at com.nroshplus.pages.HomePage.getErrorText(HomePage.java:121)
	at com.nroshplus.pages.HomePage.getErrorText(HomePage.java:121)
	at com.nroshplus.pages.HomePage.getErrorText(HomePage.java:121)
	at com.nroshplus.pages.HomePage.getErrorText(HomePage.java:121)
	at com.nroshplus.pages.HomePage.getErrorText(HomePage.java:121)
	at com.nroshplus.pages.HomePage.getErrorText(HomePage.java:121)
	at com.nroshplus.pages.HomePage.getErrorText(HomePage.java:121)
	at com.nroshplus.pages.HomePage.getErrorText(HomePage.java:121)
	at com.nroshplus.pages.HomePage.getErrorText(HomePage.java:121)
	at com.nroshplus.pages.HomePage.getErrorText(HomePage.java:121)
	at com.nroshplus.pages.HomePage.getErrorText(HomePage.java:121)
	at com.nroshplus.pages.HomePage.getErrorText(HomePage.java:121)
	at com.nroshplus.pages.HomePage.getErrorText(HomePage.java:121)
	at com.nroshplus.pages.HomePage.getErrorText(HomePage.java:121)
	at com.nroshplus.pages.HomePage.getErrorText(HomePage.java:121)
	at com.nroshplus.pages.HomePage.getErrorText(HomePage.java:121)
	at com.nroshplus.pages.HomePage.getErrorText(HomePage.java:121)
	at com.nroshplus.pages.HomePage.getErrorText(HomePage.java:121)
	at com.nroshplus.pages.HomePage.getErrorText(HomePage.java:121)
	at com.nroshplus.pages.HomePage.getErrorText(HomePage.java:121)
	at com.nroshplus.pages.HomePage.getErrorText(HomePage.java:121)
	at com.nroshplus.pages.HomePage.getErrorText(HomePage.java:121)
	at com.nroshplus.pages.HomePage.getErrorText(HomePage.java:121)
	at com.nroshplus.pages.HomePage.getErrorText(HomePage.java:121)
	at com.nroshplus.pages.HomePage.getErrorText(HomePage.java:121)
	at com.nroshplus.pages.HomePage.getErrorText(HomePage.java:121)
	at com.nroshplus.pages.HomePage.getErrorText(HomePage.java:121)
	at com.nroshplus.pages.HomePage.getErrorText(HomePage.java:121)
	at com.nroshplus.pages.HomePage.getErrorText(HomePage.java:121)
	at com.nroshplus.pages.HomePage.getErrorText(HomePage.java:121)
	at com.nroshplus.pages.HomePage.getErrorText(HomePage.java:121)
	at com.nroshplus.pages.HomePage.getErrorText(HomePage.java:121)
	at com.nroshplus.pages.HomePage.getErrorText(HomePage.java:121)
	at com.nroshplus.pages.HomePage.getErrorText(HomePage.java:121)
	at com.nroshplus.pages.HomePage.getErrorText(HomePage.java:121)
	at com.nroshplus.pages.HomePage.getErrorText(HomePage.java:121)
	at com.nroshplus.pages.HomePage.getErrorText(HomePage.java:121)
	at com.nroshplus.pages.HomePage.getErrorText(HomePage.java:121)
	at com.nroshplus.pages.HomePage.getErrorText(HomePage.java:121)
	at com.nroshplus.pages.HomePage.getErrorText(HomePage.java:121)
	at com.nroshplus.pages.HomePage.getErrorText(HomePage.java:121)
	at com.nroshplus.pages.HomePage.getErrorText(HomePage.java:121)
	at com.nroshplus.pages.HomePage.getErrorText(HomePage.java:121)
	at com.nroshplus.pages.HomePage.getErrorText(HomePage.java:121)
	at com.nroshplus.pages.HomePage.getErrorText(HomePage.java:121)
	at com.nroshplus.pages.HomePage.getErrorText(HomePage.java:121)
	at com.nroshplus.pages.HomePage.getErrorText(HomePage.java:121)
	at com.nroshplus.pages.HomePage.getErrorText(HomePage.java:121)
	at com.nroshplus.pages.HomePage.getErrorText(HomePage.java:121)
	at com.nroshplus.pages.HomePage.getErrorText(HomePage.java:121)
	at com.nroshplus.pages.HomePage.getErrorText(HomePage.java:121)
	at com.nroshplus.pages.HomePage.getErrorText(HomePage.java:121)
	at com.nroshplus.pages.HomePage.getErrorText(HomePage.java:121)
	at com.nroshplus.pages.HomePage.getErrorText(HomePage.java:121)
	at com.nroshplus.pages.HomePage.getErrorText(HomePage.java:121)
	at com.nroshplus.pages.HomePage.getErrorText(HomePage.java:121)
	at com.nroshplus.pages.HomePage.getErrorText(HomePage.java:121)
	at com.nroshplus.pages.HomePage.getErrorText(HomePage.java:121)
	at com.nroshplus.pages.HomePage.getErrorText(HomePage.java:121)
	at com.nroshplus.pages.HomePage.getErrorText(HomePage.java:121)
	at com.nroshplus.pages.HomePage.getErrorText(HomePage.java:121)
	at com.nroshplus.pages.HomePage.getErrorText(HomePage.java:121)
	at com.nroshplus.pages.HomePage.getErrorText(HomePage.java:121)
	at com.nroshplus.pages.HomePage.getErrorText(HomePage.java:121)
	at com.nroshplus.pages.HomePage.getErrorText(HomePage.java:121)
	at com.nroshplus.pages.HomePage.getErrorText(HomePage.java:121)
	at com.nroshplus.pages.HomePage.getErrorText(HomePage.java:121)
	at com.nroshplus.pages.HomePage.getErrorText(HomePage.java:121)
	at com.nroshplus.pages.HomePage.getErrorText(HomePage.java:121)
	at com.nroshplus.pages.HomePage.getErrorText(HomePage.java:121)
	at com.nroshplus.pages.HomePage.getErrorText(HomePage.java:121)
	at com.nroshplus.pages.HomePage.getErrorText(HomePage.java:121)
	at com.nroshplus.pages.HomePage.getErrorText(HomePage.java:121)
	at com.nroshplus.pages.HomePage.getErrorText(HomePage.java:121)
	at com.nroshplus.pages.HomePage.getErrorText(HomePage.java:121)
	at com.nroshplus.pages.HomePage.getErrorText(HomePage.java:121)
	at com.nroshplus.pages.HomePage.getErrorText(HomePage.java:121)
	at com.nroshplus.pages.HomePage.getErrorText(HomePage.java:121)
	at com.nroshplus.pages.HomePage.getErrorText(HomePage.java:121)
	at com.nroshplus.pages.HomePage.getErrorText(HomePage.java:121)
	at com.nroshplus.pages.HomePage.getErrorText(HomePage.java:121)
	at com.nroshplus.pages.HomePage.getErrorText(HomePage.java:121)
	at com.nroshplus.pages.HomePage.getErrorText(HomePage.java:121)
	at com.nroshplus.pages.HomePage.getErrorText(HomePage.java:121)
	at com.nroshplus.pages.HomePage.getErrorText(HomePage.java:121)
	at com.nroshplus.pages.HomePage.getErrorText(HomePage.java:121)
	at com.nroshplus.pages.HomePage.getErrorText(HomePage.java:121)
	at com.nroshplus.pages.HomePage.getErrorText(HomePage.java:121)
	at com.nroshplus.pages.HomePage.getErrorText(HomePage.java:121)
	at com.nroshplus.pages.HomePage.getErrorText(HomePage.java:121)
	at com.nroshplus.pages.HomePage.getErrorText(HomePage.java:121)
	at com.nroshplus.pages.HomePage.getErrorText(HomePage.java:121)
	at com.nroshplus.pages.HomePage.getErrorText(HomePage.java:121)
	at com.nroshplus.pages.HomePage.getErrorText(HomePage.java:121)
	at com.nroshplus.pages.HomePage.getErrorText(HomePage.java:121)
	at com.nroshplus.pages.HomePage.getErrorText(HomePage.java:121)
	at com.nroshplus.pages.HomePage.getErrorText(HomePage.java:121)
	at com.nroshplus.pages.HomePage.getErrorText(HomePage.java:121)
	at com.nroshplus.pages.HomePage.getErrorText(HomePage.java:121)
	at com.nroshplus.pages.HomePage.getErrorText(HomePage.java:121)
	at com.nroshplus.pages.HomePage.getErrorText(HomePage.java:121)
	at com.nroshplus.pages.HomePage.getErrorText(HomePage.java:121)
	at com.nroshplus.pages.HomePage.getErrorText(HomePage.java:121)
	at com.nroshplus.pages.HomePage.getErrorText(HomePage.java:121)
	at com.nroshplus.pages.HomePage.getErrorText(HomePage.java:121)
	at com.nroshplus.pages.HomePage.getErrorText(HomePage.java:121)
	at com.nroshplus.pages.HomePage.getErrorText(HomePage.java:121)
	at com.nroshplus.pages.HomePage.getErrorText(HomePage.java:121)
	at com.nroshplus.pages.HomePage.getErrorText(HomePage.java:121)
	at com.nroshplus.pages.HomePage.getErrorText(HomePage.java:121)
	at com.nroshplus.pages.HomePage.getErrorText(HomePage.java:121)
	at com.nroshplus.pages.HomePage.getErrorText(HomePage.java:121)
	at com.nroshplus.pages.HomePage.getErrorText(HomePage.java:121)
	at com.nroshplus.pages.HomePage.getErrorText(HomePage.java:121)
	at com.nroshplus.pages.HomePage.getErrorText(HomePage.java:121)
	at com.nroshplus.pages.HomePage.getErrorText(HomePage.java:121)
	at com.nroshplus.pages.HomePage.getErrorText(HomePage.java:121)
	at com.nroshplus.pages.HomePage.getErrorText(HomePage.java:121)
	at com.nroshplus.pages.HomePage.getErrorText(HomePage.java:121)
	at com.nroshplus.pages.HomePage.getErrorText(HomePage.java:121)
	at com.nroshplus.pages.HomePage.getErrorText(HomePage.java:121)
	at com.nroshplus.pages.HomePage.getErrorText(HomePage.java:121)
	at com.nroshplus.pages.HomePage.getErrorText(HomePage.java:121)
	at com.nroshplus.pages.HomePage.getErrorText(HomePage.java:121)
	at com.nroshplus.pages.HomePage.getErrorText(HomePage.java:121)
	at com.nroshplus.pages.HomePage.getErrorText(HomePage.java:121)
	at com.nroshplus.pages.HomePage.getErrorText(HomePage.java:121)
	at com.nroshplus.pages.HomePage.getErrorText(HomePage.java:121)
	at com.nroshplus.pages.HomePage.getErrorText(HomePage.java:121)
	at com.nroshplus.pages.HomePage.getErrorText(HomePage.java:121)
	at com.nroshplus.pages.HomePage.getErrorText(HomePage.java:121)
	at com.nroshplus.pages.HomePage.getErrorText(HomePage.java:121)
	at com.nroshplus.pages.HomePage.getErrorText(HomePage.java:121)
	at com.nroshplus.pages.HomePage.getErrorText(HomePage.java:121)
	at com.nroshplus.pages.HomePage.getErrorText(HomePage.java:121)
	at com.nroshplus.pages.HomePage.getErrorText(HomePage.java:121)
	at com.nroshplus.pages.HomePage.getErrorText(HomePage.java:121)
	at com.nroshplus.pages.HomePage.getErrorText(HomePage.java:121)
	at com.nroshplus.pages.HomePage.getErrorText(HomePage.java:121)
	at com.nroshplus.pages.HomePage.getErrorText(HomePage.java:121)
	at com.nroshplus.pages.HomePage.getErrorText(HomePage.java:121)
	at com.nroshplus.pages.HomePage.getErrorText(HomePage.java:121)
	at com.nroshplus.pages.HomePage.getErrorText(HomePage.java:121)
	at com.nroshplus.pages.HomePage.getErrorText(HomePage.java:121)
	at com.nroshplus.pages.HomePage.getErrorText(HomePage.java:121)
	at com.nroshplus.pages.HomePage.getErrorText(HomePage.java:121)
	at com.nroshplus.pages.HomePage.getErrorText(HomePage.java:121)
	at com.nroshplus.pages.HomePage.getErrorText(HomePage.java:121)
	at com.nroshplus.pages.HomePage.getErrorText(HomePage.java:121)
	at com.nroshplus.pages.HomePage.getErrorText(HomePage.java:121)
	at com.nroshplus.pages.HomePage.getErrorText(HomePage.java:121)
	at com.nroshplus.pages.HomePage.getErrorText(HomePage.java:121)
	at com.nroshplus.pages.HomePage.getErrorText(HomePage.java:121)
	at com.nroshplus.pages.HomePage.getErrorText(HomePage.java:121)
	at com.nroshplus.pages.HomePage.getErrorText(HomePage.java:121)
	at com.nroshplus.pages.HomePage.getErrorText(HomePage.java:121)
	at com.nroshplus.pages.HomePage.getErrorText(HomePage.java:121)
	at com.nroshplus.pages.HomePage.getErrorText(HomePage.java:121)
	at com.nroshplus.pages.HomePage.getErrorText(HomePage.java:121)
	at com.nroshplus.pages.HomePage.getErrorText(HomePage.java:121)
	at com.nroshplus.pages.HomePage.getErrorText(HomePage.java:121)
	at com.nroshplus.pages.HomePage.getErrorText(HomePage.java:121)
	at com.nroshplus.pages.HomePage.getErrorText(HomePage.java:121)
	at com.nroshplus.pages.HomePage.getErrorText(HomePage.java:121)
	at com.nroshplus.pages.HomePage.getErrorText(HomePage.java:121)
	at com.nroshplus.pages.HomePage.getErrorText(HomePage.java:121)
	at com.nroshplus.pages.HomePage.getErrorText(HomePage.java:121)
	at com.nroshplus.pages.HomePage.getErrorText(HomePage.java:121)
	at com.nroshplus.pages.HomePage.getErrorText(HomePage.java:121)
	at com.nroshplus.pages.HomePage.getErrorText(HomePage.java:121)
	at com.nroshplus.pages.HomePage.getErrorText(HomePage.java:121)
	at com.nroshplus.pages.HomePage.getErrorText(HomePage.java:121)
	at com.nroshplus.pages.HomePage.getErrorText(HomePage.java:121)
	at com.nroshplus.pages.HomePage.getErrorText(HomePage.java:121)
	at com.nroshplus.pages.HomePage.getErrorText(HomePage.java:121)
	at com.nroshplus.pages.HomePage.getErrorText(HomePage.java:121)
	at com.nroshplus.pages.HomePage.getErrorText(HomePage.java:121)
	at com.nroshplus.pages.HomePage.getErrorText(HomePage.java:121)
	at com.nroshplus.pages.HomePage.getErrorText(HomePage.java:121)
	at com.nroshplus.pages.HomePage.getErrorText(HomePage.java:121)
	at com.nroshplus.pages.HomePage.getErrorText(HomePage.java:121)
	at com.nroshplus.pages.HomePage.getErrorText(HomePage.java:121)
	at com.nroshplus.pages.HomePage.getErrorText(HomePage.java:121)
	at com.nroshplus.pages.HomePage.getErrorText(HomePage.java:121)
	at com.nroshplus.pages.HomePage.getErrorText(HomePage.java:121)
	at com.nroshplus.pages.HomePage.getErrorText(HomePage.java:121)
	at com.nroshplus.pages.HomePage.getErrorText(HomePage.java:121)
	at com.nroshplus.pages.HomePage.getErrorText(HomePage.java:121)
	at com.nroshplus.pages.HomePage.getErrorText(HomePage.java:121)
	at com.nroshplus.pages.HomePage.getErrorText(HomePage.java:121)
	at com.nroshplus.pages.HomePage.getErrorText(HomePage.java:121)
	at com.nroshplus.pages.HomePage.getErrorText(HomePage.java:121)
	at com.nroshplus.pages.HomePage.getErrorText(HomePage.java:121)
	at com.nroshplus.pages.HomePage.getErrorText(HomePage.java:121)
	at com.nroshplus.pages.HomePage.getErrorText(HomePage.java:121)
	at com.nroshplus.pages.HomePage.getErrorText(HomePage.java:121)
	at com.nroshplus.pages.HomePage.getErrorText(HomePage.java:121)
	at com.nroshplus.pages.HomePage.getErrorText(HomePage.java:121)
	at com.nroshplus.pages.HomePage.getErrorText(HomePage.java:121)
	at com.nroshplus.pages.HomePage.getErrorText(HomePage.java:121)
	at com.nroshplus.pages.HomePage.getErrorText(HomePage.java:121)
	at com.nroshplus.pages.HomePage.getErrorText(HomePage.java:121)
	at com.nroshplus.pages.HomePage.getErrorText(HomePage.java:121)
	at com.nroshplus.pages.HomePage.getErrorText(HomePage.java:121)
	at com.nroshplus.pages.HomePage.getErrorText(HomePage.java:121)
	at com.nroshplus.pages.HomePage.getErrorText(HomePage.java:121)
	at com.nroshplus.pages.HomePage.getErrorText(HomePage.java:121)
	at com.nroshplus.pages.HomePage.getErrorText(HomePage.java:121)
	at com.nroshplus.pages.HomePage.getErrorText(HomePage.java:121)
	at com.nroshplus.pages.HomePage.getErrorText(HomePage.java:121)
	at com.nroshplus.pages.HomePage.getErrorText(HomePage.java:121)
	at com.nroshplus.pages.HomePage.getErrorText(HomePage.java:121)
	at com.nroshplus.pages.HomePage.getErrorText(HomePage.java:121)
	at com.nroshplus.pages.HomePage.getErrorText(HomePage.java:121)
	at com.nroshplus.pages.HomePage.getErrorText(HomePage.java:121)
	at com.nroshplus.pages.HomePage.getErrorText(HomePage.java:121)
	at com.nroshplus.pages.HomePage.getErrorText(HomePage.java:121)
	at com.nroshplus.pages.HomePage.getErrorText(HomePage.java:121)
	at com.nroshplus.pages.HomePage.getErrorText(HomePage.java:121)
	at com.nroshplus.pages.HomePage.getErrorText(HomePage.java:121)
	at com.nroshplus.pages.HomePage.getErrorText(HomePage.java:121)
	at com.nroshplus.pages.HomePage.getErrorText(HomePage.java:121)
	at com.nroshplus.pages.HomePage.getErrorText(HomePage.java:121)
	at com.nroshplus.pages.HomePage.getErrorText(HomePage.java:121)
	at com.nroshplus.pages.HomePage.getErrorText(HomePage.java:121)
	at com.nroshplus.pages.HomePage.getErrorText(HomePage.java:121)
	at com.nroshplus.pages.HomePage.getErrorText(HomePage.java:121)
	at com.nroshplus.pages.HomePage.getErrorText(HomePage.java:121)
	at com.nroshplus.pages.HomePage.getErrorText(HomePage.java:121)
	at com.nroshplus.pages.HomePage.getErrorText(HomePage.java:121)
	at com.nroshplus.pages.HomePage.getErrorText(HomePage.java:121)
	at com.nroshplus.pages.HomePage.getErrorText(HomePage.java:121)
	at com.nroshplus.pages.HomePage.getErrorText(HomePage.java:121)
	at com.nroshplus.pages.HomePage.getErrorText(HomePage.java:121)
	at com.nroshplus.pages.HomePage.getErrorText(HomePage.java:121)
	at com.nroshplus.pages.HomePage.getErrorText(HomePage.java:121)
	at com.nroshplus.pages.HomePage.getErrorText(HomePage.java:121)
	at com.nroshplus.pages.HomePage.getErrorText(HomePage.java:121)
	at com.nroshplus.pages.HomePage.getErrorText(HomePage.java:121)
	at com.nroshplus.pages.HomePage.getErrorText(HomePage.java:121)
	at com.nroshplus.pages.HomePage.getErrorText(HomePage.java:121)
	at com.nroshplus.pages.HomePage.getErrorText(HomePage.java:121)
	at com.nroshplus.pages.HomePage.getErrorText(HomePage.java:121)
	at com.nroshplus.pages.HomePage.getErrorText(HomePage.java:121)
	at com.nroshplus.pages.HomePage.getErrorText(HomePage.java:121)
	at com.nroshplus.pages.HomePage.getErrorText(HomePage.java:121)
	at com.nroshplus.pages.HomePage.getErrorText(HomePage.java:121)
	at com.nroshplus.pages.HomePage.getErrorText(HomePage.java:121)
	at com.nroshplus.pages.HomePage.getErrorText(HomePage.java:121)
	at com.nroshplus.pages.HomePage.getErrorText(HomePage.java:121)
	at com.nroshplus.pages.HomePage.getErrorText(HomePage.java:121)
	at com.nroshplus.pages.HomePage.getErrorText(HomePage.java:121)
	at com.nroshplus.pages.HomePage.getErrorText(HomePage.java:121)
	at com.nroshplus.pages.HomePage.getErrorText(HomePage.java:121)
	at com.nroshplus.pages.HomePage.getErrorText(HomePage.java:121)
	at com.nroshplus.pages.HomePage.getErrorText(HomePage.java:121)
	at com.nroshplus.pages.HomePage.getErrorText(HomePage.java:121)
	at com.nroshplus.pages.HomePage.getErrorText(HomePage.java:121)
	at com.nroshplus.pages.HomePage.getErrorText(HomePage.java:121)
	at com.nroshplus.pages.HomePage.getErrorText(HomePage.java:121)
	at com.nroshplus.pages.HomePage.getErrorText(HomePage.java:121)
	at com.nroshplus.pages.HomePage.getErrorText(HomePage.java:121)
	at com.nroshplus.pages.HomePage.getErrorText(HomePage.java:121)
	at com.nroshplus.pages.HomePage.getErrorText(HomePage.java:121)
	at com.nroshplus.pages.HomePage.getErrorText(HomePage.java:121)
	at com.nroshplus.pages.HomePage.getErrorText(HomePage.java:121)
	at com.nroshplus.pages.HomePage.getErrorText(HomePage.java:121)
	at com.nroshplus.pages.HomePage.getErrorText(HomePage.java:121)
	at com.nroshplus.pages.HomePage.getErrorText(HomePage.java:121)
	at com.nroshplus.pages.HomePage.getErrorText(HomePage.java:121)
	at com.nroshplus.pages.HomePage.getErrorText(HomePage.java:121)
	at com.nroshplus.pages.HomePage.getErrorText(HomePage.java:121)
	at com.nroshplus.pages.HomePage.getErrorText(HomePage.java:121)
	at com.nroshplus.pages.HomePage.getErrorText(HomePage.java:121)
	at com.nroshplus.pages.HomePage.getErrorText(HomePage.java:121)
	at com.nroshplus.pages.HomePage.getErrorText(HomePage.java:121)
	at com.nroshplus.pages.HomePage.getErrorText(HomePage.java:121)
	at com.nroshplus.pages.HomePage.getErrorText(HomePage.java:121)
	at com.nroshplus.pages.HomePage.getErrorText(HomePage.java:121)
	at com.nroshplus.pages.HomePage.getErrorText(HomePage.java:121)
	at com.nroshplus.pages.HomePage.getErrorText(HomePage.java:121)
	at com.nroshplus.pages.HomePage.getErrorText(HomePage.java:121)
	at com.nroshplus.pages.HomePage.getErrorText(HomePage.java:121)
	at com.nroshplus.pages.HomePage.getErrorText(HomePage.java:121)
	at com.nroshplus.pages.HomePage.getErrorText(HomePage.java:121)
	at com.nroshplus.pages.HomePage.getErrorText(HomePage.java:121)
	at com.nroshplus.pages.HomePage.getErrorText(HomePage.java:121)
	at com.nroshplus.pages.HomePage.getErrorText(HomePage.java:121)
	at com.nroshplus.pages.HomePage.getErrorText(HomePage.java:121)
	at com.nroshplus.pages.HomePage.getErrorText(HomePage.java:121)
	at com.nroshplus.pages.HomePage.getErrorText(HomePage.java:121)
	at com.nroshplus.pages.HomePage.getErrorText(HomePage.java:121)
	at com.nroshplus.pages.HomePage.getErrorText(HomePage.java:121)
	at com.nroshplus.pages.HomePage.getErrorText(HomePage.java:121)
	at com.nroshplus.pages.HomePage.getErrorText(HomePage.java:121)
	at com.nroshplus.pages.HomePage.getErrorText(HomePage.java:121)
	at com.nroshplus.pages.HomePage.getErrorText(HomePage.java:121)
	at com.nroshplus.pages.HomePage.getErrorText(HomePage.java:121)
	at com.nroshplus.pages.HomePage.getErrorText(HomePage.java:121)
	at com.nroshplus.pages.HomePage.getErrorText(HomePage.java:121)
	at com.nroshplus.pages.HomePage.getErrorText(HomePage.java:121)
	at com.nroshplus.pages.HomePage.getErrorText(HomePage.java:121)
	at com.nroshplus.pages.HomePage.getErrorText(HomePage.java:121)
	at com.nroshplus.pages.HomePage.getErrorText(HomePage.java:121)
	at com.nroshplus.pages.HomePage.getErrorText(HomePage.java:121)
	at com.nroshplus.pages.HomePage.getErrorText(HomePage.java:121)
	at com.nroshplus.pages.HomePage.getErrorText(HomePage.java:121)
	at com.nroshplus.pages.HomePage.getErrorText(HomePage.java:121)
	at com.nroshplus.pages.HomePage.getErrorText(HomePage.java:121)
	at com.nroshplus.pages.HomePage.getErrorText(HomePage.java:121)
	at com.nroshplus.pages.HomePage.getErrorText(HomePage.java:121)
	at com.nroshplus.pages.HomePage.getErrorText(HomePage.java:121)
	at com.nroshplus.pages.HomePage.getErrorText(HomePage.java:121)
	at com.nroshplus.pages.HomePage.getErrorText(HomePage.java:121)
	at com.nroshplus.pages.HomePage.getErrorText(HomePage.java:121)
	at com.nroshplus.pages.HomePage.getErrorText(HomePage.java:121)
	at com.nroshplus.pages.HomePage.getErrorText(HomePage.java:121)
	at com.nroshplus.pages.HomePage.getErrorText(HomePage.java:121)
	at com.nroshplus.pages.HomePage.getErrorText(HomePage.java:121)
	at com.nroshplus.pages.HomePage.getErrorText(HomePage.java:121)
	at com.nroshplus.pages.HomePage.getErrorText(HomePage.java:121)
	at com.nroshplus.pages.HomePage.getErrorText(HomePage.java:121)
	at com.nroshplus.pages.HomePage.getErrorText(HomePage.java:121)
	at com.nroshplus.pages.HomePage.getErrorText(HomePage.java:121)
	at com.nroshplus.pages.HomePage.getErrorText(HomePage.java:121)
	at com.nroshplus.pages.HomePage.getErrorText(HomePage.java:121)
	at com.nroshplus.pages.HomePage.getErrorText(HomePage.java:121)
	at com.nroshplus.pages.HomePage.getErrorText(HomePage.java:121)
	at com.nroshplus.pages.HomePage.getErrorText(HomePage.java:121)
	at com.nroshplus.pages.HomePage.getErrorText(HomePage.java:121)
	at com.nroshplus.pages.HomePage.getErrorText(HomePage.java:121)
	at com.nroshplus.pages.HomePage.getErrorText(HomePage.java:121)
	at com.nroshplus.pages.HomePage.getErrorText(HomePage.java:121)
	at com.nroshplus.pages.HomePage.getErrorText(HomePage.java:121)
	at com.nroshplus.pages.HomePage.getErrorText(HomePage.java:121)
	at com.nroshplus.pages.HomePage.getErrorText(HomePage.java:121)
	at com.nroshplus.pages.HomePage.getErrorText(HomePage.java:121)
	at com.nroshplus.pages.HomePage.getErrorText(HomePage.java:121)
	at com.nroshplus.pages.HomePage.getErrorText(HomePage.java:121)
	at com.nroshplus.pages.HomePage.getErrorText(HomePage.java:121)
	at com.nroshplus.pages.HomePage.getErrorText(HomePage.java:121)
	at com.nroshplus.pages.HomePage.getErrorText(HomePage.java:121)
	at com.nroshplus.pages.HomePage.getErrorText(HomePage.java:121)
	at com.nroshplus.pages.HomePage.getErrorText(HomePage.java:121)
	at com.nroshplus.pages.HomePage.getErrorText(HomePage.java:121)
	at com.nroshplus.pages.HomePage.getErrorText(HomePage.java:121)
	at com.nroshplus.pages.HomePage.getErrorText(HomePage.java:121)
	at com.nroshplus.pages.HomePage.getErrorText(HomePage.java:121)
	at com.nroshplus.pages.HomePage.getErrorText(HomePage.java:121)
	at com.nroshplus.pages.HomePage.getErrorText(HomePage.java:121)
	at com.nroshplus.pages.HomePage.getErrorText(HomePage.java:121)
	at com.nroshplus.pages.HomePage.getErrorText(HomePage.java:121)
	at com.nroshplus.pages.HomePage.getErrorText(HomePage.java:121)
	at com.nroshplus.pages.HomePage.getErrorText(HomePage.java:121)
	at com.nroshplus.pages.HomePage.getErrorText(HomePage.java:121)
	at com.nroshplus.pages.HomePage.getErrorText(HomePage.java:121)
	at com.nroshplus.pages.HomePage.getErrorText(HomePage.java:121)
	at com.nroshplus.pages.HomePage.getErrorText(HomePage.java:121)
	at com.nroshplus.pages.HomePage.getErrorText(HomePage.java:121)
	at com.nroshplus.pages.HomePage.getErrorText(HomePage.java:121)
	at com.nroshplus.pages.HomePage.getErrorText(HomePage.java:121)
	at com.nroshplus.pages.HomePage.getErrorText(HomePage.java:121)
	at com.nroshplus.pages.HomePage.getErrorText(HomePage.java:121)
	at com.nroshplus.pages.HomePage.getErrorText(HomePage.java:121)
	at com.nroshplus.pages.HomePage.getErrorText(HomePage.java:121)
	at com.nroshplus.pages.HomePage.getErrorText(HomePage.java:121)
	at com.nroshplus.pages.HomePage.getErrorText(HomePage.java:121)
	at com.nroshplus.pages.HomePage.getErrorText(HomePage.java:121)
	at com.nroshplus.pages.HomePage.getErrorText(HomePage.java:121)
	at com.nroshplus.pages.HomePage.getErrorText(HomePage.java:121)
	at com.nroshplus.pages.HomePage.getErrorText(HomePage.java:121)
	at com.nroshplus.pages.HomePage.getErrorText(HomePage.java:121)
	at com.nroshplus.pages.HomePage.getErrorText(HomePage.java:121)
	at com.nroshplus.pages.HomePage.getErrorText(HomePage.java:121)
	at com.nroshplus.pages.HomePage.getErrorText(HomePage.java:121)
	at com.nroshplus.pages.HomePage.getErrorText(HomePage.java:121)
	at com.nroshplus.pages.HomePage.getErrorText(HomePage.java:121)
	at com.nroshplus.pages.HomePage.getErrorText(HomePage.java:121)
	at com.nroshplus.pages.HomePage.getErrorText(HomePage.java:121)
	at com.nroshplus.pages.HomePage.getErrorText(HomePage.java:121)
	at com.nroshplus.pages.HomePage.getErrorText(HomePage.java:121)
	at com.nroshplus.pages.HomePage.getErrorText(HomePage.java:121)
	at com.nroshplus.pages.HomePage.getErrorText(HomePage.java:121)
	at com.nroshplus.pages.HomePage.getErrorText(HomePage.java:121)
	at com.nroshplus.pages.HomePage.getErrorText(HomePage.java:121)
	at com.nroshplus.pages.HomePage.getErrorText(HomePage.java:121)
	at com.nroshplus.pages.HomePage.getErrorText(HomePage.java:121)
	at com.nroshplus.pages.HomePage.getErrorText(HomePage.java:121)
	at com.nroshplus.pages.HomePage.getErrorText(HomePage.java:121)
	at com.nroshplus.pages.HomePage.getErrorText(HomePage.java:121)
	at com.nroshplus.pages.HomePage.getErrorText(HomePage.java:121)
	at com.nroshplus.pages.HomePage.getErrorText(HomePage.java:121)
	at com.nroshplus.pages.HomePage.getErrorText(HomePage.java:121)
	at com.nroshplus.pages.HomePage.getErrorText(HomePage.java:121)
	at com.nroshplus.pages.HomePage.getErrorText(HomePage.java:121)
	at com.nroshplus.pages.HomePage.getErrorText(HomePage.java:121)
	at com.nroshplus.pages.HomePage.getErrorText(HomePage.java:121)
	at com.nroshplus.pages.HomePage.getErrorText(HomePage.java:121)
	at com.nroshplus.pages.HomePage.getErrorText(HomePage.java:121)
	at com.nroshplus.pages.HomePage.getErrorText(HomePage.java:121)
	at com.nroshplus.pages.HomePage.getErrorText(HomePage.java:121)
	at com.nroshplus.pages.HomePage.getErrorText(HomePage.java:121)
	at com.nroshplus.pages.HomePage.getErrorText(HomePage.java:121)
	at com.nroshplus.pages.HomePage.getErrorText(HomePage.java:121)
	at com.nroshplus.pages.HomePage.getErrorText(HomePage.java:121)
	at com.nroshplus.pages.HomePage.getErrorText(HomePage.java:121)
	at com.nroshplus.pages.HomePage.getErrorText(HomePage.java:121)
	at com.nroshplus.pages.HomePage.getErrorText(HomePage.java:121)
	at com.nroshplus.pages.HomePage.getErrorText(HomePage.java:121)
	at com.nroshplus.pages.HomePage.getErrorText(HomePage.java:121)
	at com.nroshplus.pages.HomePage.getErrorText(HomePage.java:121)
	at com.nroshplus.pages.HomePage.getErrorText(HomePage.java:121)
	at com.nroshplus.pages.HomePage.getErrorText(HomePage.java:121)
	at com.nroshplus.pages.HomePage.getErrorText(HomePage.java:121)
	at com.nroshplus.pages.HomePage.getErrorText(HomePage.java:121)
	at com.nroshplus.pages.HomePage.getErrorText(HomePage.java:121)
	at com.nroshplus.pages.HomePage.getErrorText(HomePage.java:121)
	at com.nroshplus.pages.HomePage.getErrorText(HomePage.java:121)
	at com.nroshplus.pages.HomePage.getErrorText(HomePage.java:121)
	at com.nroshplus.pages.HomePage.getErrorText(HomePage.java:121)
	at com.nroshplus.pages.HomePage.getErrorText(HomePage.java:121)
	at com.nroshplus.pages.HomePage.getErrorText(HomePage.java:121)
	at com.nroshplus.pages.HomePage.getErrorText(HomePage.java:121)
	at com.nroshplus.pages.HomePage.getErrorText(HomePage.java:121)
	at com.nroshplus.pages.HomePage.getErrorText(HomePage.java:121)
	at com.nroshplus.pages.HomePage.getErrorText(HomePage.java:121)
	at com.nroshplus.pages.HomePage.getErrorText(HomePage.java:121)
	at com.nroshplus.pages.HomePage.getErrorText(HomePage.java:121)
	at com.nroshplus.pages.HomePage.getErrorText(HomePage.java:121)
	at com.nroshplus.pages.HomePage.getErrorText(HomePage.java:121)
	at com.nroshplus.pages.HomePage.getErrorText(HomePage.java:121)
	at com.nroshplus.pages.HomePage.getErrorText(HomePage.java:121)
	at com.nroshplus.pages.HomePage.getErrorText(HomePage.java:121)
	at com.nroshplus.pages.HomePage.getErrorText(HomePage.java:121)
	at com.nroshplus.pages.HomePage.getErrorText(HomePage.java:121)
	at com.nroshplus.pages.HomePage.getErrorText(HomePage.java:121)
	at com.nroshplus.pages.HomePage.getErrorText(HomePage.java:121)
	at com.nroshplus.pages.HomePage.getErrorText(HomePage.java:121)
	at com.nroshplus.pages.HomePage.getErrorText(HomePage.java:121)
	at com.nroshplus.pages.HomePage.getErrorText(HomePage.java:121)
	at com.nroshplus.pages.HomePage.getErrorText(HomePage.java:121)
	at com.nroshplus.pages.HomePage.getErrorText(HomePage.java:121)
	at com.nroshplus.pages.HomePage.getErrorText(HomePage.java:121)
	at com.nroshplus.pages.HomePage.getErrorText(HomePage.java:121)
	at com.nroshplus.pages.HomePage.getErrorText(HomePage.java:121)
	at com.nroshplus.pages.HomePage.getErrorText(HomePage.java:121)
	at com.nroshplus.pages.HomePage.getErrorText(HomePage.java:121)
	at com.nroshplus.pages.HomePage.getErrorText(HomePage.java:121)
	at com.nroshplus.pages.HomePage.getErrorText(HomePage.java:121)
	at com.nroshplus.pages.HomePage.getErrorText(HomePage.java:121)
	at com.nroshplus.pages.HomePage.getErrorText(HomePage.java:121)
	at com.nroshplus.pages.HomePage.getErrorText(HomePage.java:121)
	at com.nroshplus.pages.HomePage.getErrorText(HomePage.java:121)
	at com.nroshplus.pages.HomePage.getErrorText(HomePage.java:121)
	at com.nroshplus.pages.HomePage.getErrorText(HomePage.java:121)
	at com.nroshplus.pages.HomePage.getErrorText(HomePage.java:121)
	at com.nroshplus.pages.HomePage.getErrorText(HomePage.java:121)
	at com.nroshplus.pages.HomePage.getErrorText(HomePage.java:121)
	at com.nroshplus.pages.HomePage.getErrorText(HomePage.java:121)
	at com.nroshplus.pages.HomePage.getErrorText(HomePage.java:121)
	at com.nroshplus.pages.HomePage.getErrorText(HomePage.java:121)
	at com.nroshplus.pages.HomePage.getErrorText(HomePage.java:121)
	at com.nroshplus.pages.HomePage.getErrorText(HomePage.java:121)
	at com.nroshplus.pages.HomePage.getErrorText(HomePage.java:121)
	at com.nroshplus.pages.HomePage.getErrorText(HomePage.java:121)
	at com.nroshplus.pages.HomePage.getErrorText(HomePage.java:121)
	at com.nroshplus.pages.HomePage.getErrorText(HomePage.java:121)
	at com.nroshplus.pages.HomePage.getErrorText(HomePage.java:121)
	at com.nroshplus.pages.HomePage.getErrorText(HomePage.java:121)
	at com.nroshplus.pages.HomePage.getErrorText(HomePage.java:121)
	at com.nroshplus.pages.HomePage.getErrorText(HomePage.java:121)
	at com.nroshplus.pages.HomePage.getErrorText(HomePage.java:121)
	at com.nroshplus.pages.HomePage.getErrorText(HomePage.java:121)
	at com.nroshplus.pages.HomePage.getErrorText(HomePage.java:121)
	at com.nroshplus.pages.HomePage.getErrorText(HomePage.java:121)
	at com.nroshplus.pages.HomePage.getErrorText(HomePage.java:121)
	at com.nroshplus.pages.HomePage.getErrorText(HomePage.java:121)
	at com.nroshplus.pages.HomePage.getErrorText(HomePage.java:121)
	at com.nroshplus.pages.HomePage.getErrorText(HomePage.java:121)
	at com.nroshplus.pages.HomePage.getErrorText(HomePage.java:121)
	at com.nroshplus.pages.HomePage.getErrorText(HomePage.java:121)
	at com.nroshplus.pages.HomePage.getErrorText(HomePage.java:121)
	at com.nroshplus.pages.HomePage.getErrorText(HomePage.java:121)
	at com.nroshplus.pages.HomePage.getErrorText(HomePage.java:121)
	at com.nroshplus.pages.HomePage.getErrorText(HomePage.java:121)
	at com.nroshplus.pages.HomePage.getErrorText(HomePage.java:121)
	at com.nroshplus.pages.HomePage.getErrorText(HomePage.java:121)
	at com.nroshplus.pages.HomePage.getErrorText(HomePage.java:121)
	at com.nroshplus.pages.HomePage.getErrorText(HomePage.java:121)
	at com.nroshplus.pages.HomePage.getErrorText(HomePage.java:121)
	at com.nroshplus.pages.HomePage.getErrorText(HomePage.java:121)
	at com.nroshplus.pages.HomePage.getErrorText(HomePage.java:121)
	at com.nroshplus.pages.HomePage.getErrorText(HomePage.java:121)
	at com.nroshplus.pages.HomePage.getErrorText(HomePage.java:121)
]]>
    </error>
  </testcase> <!-- testInvaidLogin -->
</testsuite> <!-- com.tests.Test.InvalidLoginTest -->
