<?xml version="1.0" encoding="UTF-8"?>
<!-- Generated by org.testng.reporters.JUnitReportReporter -->
<testsuite hostname="HW009432L" name="com.tests.Test.DramCommonAuth" tests="1" failures="0" timestamp="15 Sep 2016 12:10:41 GMT" time="1.672" errors="0">
  <testcase name="validateInvalidLinks" time="1.672" classname="com.tests.Test.DramCommonAuth"/>
</testsuite> <!-- com.tests.Test.DramCommonAuth -->
