<?xml version="1.0" encoding="UTF-8"?>
<!-- Generated by org.testng.reporters.JUnitReportReporter -->
<testsuite hostname="HW009432L" name="com.tests.Test.CommonAuth" tests="1" failures="0" timestamp="14 Sep 2016 11:04:45 GMT" time="2.057" errors="0">
  <testcase name="verifyDramLinks" time="2.057" classname="com.tests.Test.CommonAuth"/>
</testsuite> <!-- com.tests.Test.CommonAuth -->
